<?xml version="1.0" encoding="UTF-8"?>
<!-- Generated by org.testng.reporters.JUnitReportReporter -->
<testsuite hostname="LAPTOP-S0JBVFQI" failures="0" tests="1" name="testcases.TS_topcities" time="7.151" errors="0" timestamp="03 May 2021 05:52:01 GMT" skipped="0">
  <testcase classname="testcases.TS_topcities" name="topCities" time="7.151"/>
</testsuite> <!-- testcases.TS_topcities -->
