<?xml version="1.0" encoding="UTF-8"?>
<!-- Generated by org.testng.reporters.JUnitReportReporter -->
<testsuite hostname="DESKTOP-9KR5CRQ" failures="0" tests="1" name="testcases.TS_SearchHospitals" time="80.825" errors="0" timestamp="09 May 2021 13:56:27 GMT" skipped="0">
  <testcase classname="testcases.TS_SearchHospitals" name="hospitalSearch" time="80.825"/>
</testsuite> <!-- testcases.TS_SearchHospitals -->
