<?xml version="1.0" encoding="UTF-8"?>
<!-- Generated by org.testng.reporters.JUnitReportReporter -->
<testsuite hostname="DESKTOP-9KR5CRQ" failures="0" tests="3" name="testcases.TS_HospitalSearch" time="108.617" errors="0" timestamp="10 May 2021 03:49:38 GMT" skipped="0">
  <testcase classname="testcases.TS_HospitalSearch" name="hospitalSearch" time="86.724"/>
  <testcase classname="testcases.TS_HospitalSearch" name="topCities" time="6.011"/>
  <testcase classname="testcases.TS_HospitalSearch" name="getAlert" time="15.882"/>
</testsuite> <!-- testcases.TS_HospitalSearch -->
