<?xml version="1.0" encoding="UTF-8"?>
<!-- Generated by org.testng.reporters.JUnitReportReporter -->
<testsuite hostname="LAPTOP-S0JBVFQI" failures="0" tests="1" name="testcases.TS_Search" time="111.712" errors="0" timestamp="03 May 2021 05:25:59 GMT" skipped="0">
  <testcase classname="testcases.TS_Search" name="testone" time="111.712"/>
</testsuite> <!-- testcases.TS_Search -->
